<?xml version="1.0" encoding="UTF-8"?>
<coverage generated="1567116180414" clover="3.2.0">
  <project timestamp="1567116180414" name="All files">
    <metrics statements="50" coveredstatements="30" conditionals="4" coveredconditionals="0" methods="13" coveredmethods="9" elements="67" coveredelements="39" complexity="0" loc="50" ncloc="50" packages="2" files="4" classes="4"/>
    <package name="client.src.components">
      <metrics statements="8" coveredstatements="8" conditionals="0" coveredconditionals="0" methods="5" coveredmethods="5"/>
      <file name="Photo.jsx" path="/Users/syoh/Desktop/Photos/Photo_Gallery/client/src/components/Photo.jsx">
        <metrics statements="3" coveredstatements="3" conditionals="0" coveredconditionals="0" methods="2" coveredmethods="2"/>
        <line num="7" count="1" type="stmt"/>
        <line num="8" count="1" type="stmt"/>
        <line num="15" count="1" type="stmt"/>
      </file>
      <file name="PhotoEntryGrid.jsx" path="/Users/syoh/Desktop/Photos/Photo_Gallery/client/src/components/PhotoEntryGrid.jsx">
        <metrics statements="2" coveredstatements="2" conditionals="0" coveredconditionals="0" methods="1" coveredmethods="1"/>
        <line num="3" count="3" type="stmt"/>
        <line num="4" count="1" type="stmt"/>
      </file>
      <file name="PhotoEntryMain.jsx" path="/Users/syoh/Desktop/Photos/Photo_Gallery/client/src/components/PhotoEntryMain.jsx">
        <metrics statements="3" coveredstatements="3" conditionals="0" coveredconditionals="0" methods="2" coveredmethods="2"/>
        <line num="5" count="1" type="stmt"/>
        <line num="6" count="1" type="stmt"/>
        <line num="11" count="1" type="stmt"/>
      </file>
    </package>
    <package name="database">
      <metrics statements="42" coveredstatements="22" conditionals="4" coveredconditionals="0" methods="8" coveredmethods="4"/>
      <file name="seeder.js" path="/Users/syoh/Desktop/Photos/Photo_Gallery/database/seeder.js">
        <metrics statements="42" coveredstatements="22" conditionals="4" coveredconditionals="0" methods="8" coveredmethods="4"/>
        <line num="2" count="4" type="stmt"/>
        <line num="4" count="4" type="stmt"/>
        <line num="5" count="400" type="stmt"/>
        <line num="8" count="4" type="stmt"/>
        <line num="9" count="400" type="stmt"/>
        <line num="12" count="4" type="stmt"/>
        <line num="13" count="400" type="stmt"/>
        <line num="16" count="4" type="stmt"/>
        <line num="17" count="4" type="stmt"/>
        <line num="18" count="4" type="stmt"/>
        <line num="25" count="4" type="stmt"/>
        <line num="26" count="400" type="stmt"/>
        <line num="27" count="400" type="stmt"/>
        <line num="28" count="400" type="stmt"/>
        <line num="29" count="400" type="stmt"/>
        <line num="30" count="400" type="stmt"/>
        <line num="31" count="400" type="stmt"/>
        <line num="33" count="4" type="stmt"/>
        <line num="36" count="4" type="stmt"/>
        <line num="38" count="4" type="stmt"/>
        <line num="39" count="0" type="stmt"/>
        <line num="40" count="0" type="stmt"/>
        <line num="41" count="0" type="stmt"/>
        <line num="42" count="0" type="stmt"/>
        <line num="43" count="0" type="stmt"/>
        <line num="45" count="0" type="stmt"/>
        <line num="47" count="0" type="stmt"/>
        <line num="48" count="0" type="stmt"/>
        <line num="49" count="0" type="cond" truecount="0" falsecount="2"/>
        <line num="50" count="0" type="stmt"/>
        <line num="52" count="0" type="stmt"/>
        <line num="57" count="4" type="stmt"/>
        <line num="58" count="0" type="stmt"/>
        <line num="59" count="0" type="stmt"/>
        <line num="60" count="0" type="stmt"/>
        <line num="61" count="0" type="stmt"/>
        <line num="62" count="0" type="stmt"/>
        <line num="63" count="0" type="stmt"/>
        <line num="64" count="0" type="cond" truecount="0" falsecount="2"/>
        <line num="65" count="0" type="stmt"/>
        <line num="67" count="0" type="stmt"/>
        <line num="73" count="4" type="stmt"/>
      </file>
    </package>
  </project>
</coverage>
