{"/Users/syoh/Desktop/Photos/Photo_Gallery/client/src/components/Photo.jsx": {"path":"/Users/syoh/Desktop/Photos/Photo_Gallery/client/src/components/Photo.jsx","statementMap":{"0":{"start":{"line":7,"column":8},"end":{"line":7,"column":22}},"1":{"start":{"line":8,"column":8},"end":{"line":11,"column":9}},"2":{"start":{"line":15,"column":8},"end":{"line":22,"column":9}}},"fnMap":{"0":{"name":"(anonymous_0)","decl":{"start":{"line":6,"column":4},"end":{"line":6,"column":5}},"loc":{"start":{"line":6,"column":23},"end":{"line":12,"column":5}},"line":6},"1":{"name":"(anonymous_1)","decl":{"start":{"line":14,"column":4},"end":{"line":14,"column":5}},"loc":{"start":{"line":14,"column":13},"end":{"line":23,"column":5}},"line":14}},"branchMap":{},"s":{"0":1,"1":1,"2":1},"f":{"0":1,"1":1},"b":{},"_coverageSchema":"43e27e138ebf9cfc5966b082cf9a028302ed4184","hash":"997aa1dc246d982d135cfea47d5ff1520ea77368"}
,"/Users/syoh/Desktop/Photos/Photo_Gallery/client/src/components/PhotoEntryGrid.jsx": {"path":"/Users/syoh/Desktop/Photos/Photo_Gallery/client/src/components/PhotoEntryGrid.jsx","statementMap":{"0":{"start":{"line":3,"column":21},"end":{"line":12,"column":1}},"1":{"start":{"line":4,"column":8},"end":{"line":11,"column":9}}},"fnMap":{"0":{"name":"(anonymous_0)","decl":{"start":{"line":3,"column":21},"end":{"line":3,"column":22}},"loc":{"start":{"line":3,"column":32},"end":{"line":12,"column":1}},"line":3}},"branchMap":{},"s":{"0":3,"1":1},"f":{"0":1},"b":{},"_coverageSchema":"43e27e138ebf9cfc5966b082cf9a028302ed4184","hash":"26b04b2de3ed8d9aa2a2a4c25b8a3264aa08ca1a"}
,"/Users/syoh/Desktop/Photos/Photo_Gallery/client/src/components/PhotoEntryMain.jsx": {"path":"/Users/syoh/Desktop/Photos/Photo_Gallery/client/src/components/PhotoEntryMain.jsx","statementMap":{"0":{"start":{"line":5,"column":8},"end":{"line":5,"column":22}},"1":{"start":{"line":6,"column":8},"end":{"line":8,"column":9}},"2":{"start":{"line":11,"column":8},"end":{"line":15,"column":9}}},"fnMap":{"0":{"name":"(anonymous_0)","decl":{"start":{"line":4,"column":4},"end":{"line":4,"column":5}},"loc":{"start":{"line":4,"column":23},"end":{"line":9,"column":5}},"line":4},"1":{"name":"(anonymous_1)","decl":{"start":{"line":10,"column":4},"end":{"line":10,"column":5}},"loc":{"start":{"line":10,"column":13},"end":{"line":16,"column":5}},"line":10}},"branchMap":{},"s":{"0":1,"1":1,"2":1},"f":{"0":1,"1":1},"b":{},"_coverageSchema":"43e27e138ebf9cfc5966b082cf9a028302ed4184","hash":"4ab5108c211d9c074bb7aabb0fef636964b14a10"}
,"/Users/syoh/Desktop/Photos/Photo_Gallery/database/index.js": {"path":"/Users/syoh/Desktop/Photos/Photo_Gallery/database/index.js","statementMap":{"0":{"start":{"line":1,"column":14},"end":{"line":1,"column":30}},"1":{"start":{"line":3,"column":11},"end":{"line":7,"column":2}},"2":{"start":{"line":9,"column":0},"end":{"line":16,"column":2}},"3":{"start":{"line":10,"column":4},"end":{"line":15,"column":5}},"4":{"start":{"line":11,"column":8},"end":{"line":11,"column":25}},"5":{"start":{"line":12,"column":8},"end":{"line":12,"column":15}},"6":{"start":{"line":18,"column":22},"end":{"line":35,"column":1}},"7":{"start":{"line":19,"column":20},"end":{"line":19,"column":22}},"8":{"start":{"line":20,"column":4},"end":{"line":26,"column":5}},"9":{"start":{"line":20,"column":16},"end":{"line":20,"column":17}},"10":{"start":{"line":21,"column":23},"end":{"line":21,"column":51}},"11":{"start":{"line":22,"column":8},"end":{"line":24,"column":9}},"12":{"start":{"line":23,"column":12},"end":{"line":23,"column":52}},"13":{"start":{"line":25,"column":8},"end":{"line":25,"column":33}},"14":{"start":{"line":27,"column":22},"end":{"line":27,"column":142}},"15":{"start":{"line":28,"column":4},"end":{"line":34,"column":7}},"16":{"start":{"line":29,"column":8},"end":{"line":33,"column":9}},"17":{"start":{"line":30,"column":12},"end":{"line":30,"column":29}},"18":{"start":{"line":32,"column":12},"end":{"line":32,"column":20}},"19":{"start":{"line":40,"column":0},"end":{"line":40,"column":23}},"20":{"start":{"line":41,"column":0},"end":{"line":41,"column":45}}},"fnMap":{"0":{"name":"(anonymous_0)","decl":{"start":{"line":9,"column":11},"end":{"line":9,"column":12}},"loc":{"start":{"line":9,"column":20},"end":{"line":16,"column":1}},"line":9},"1":{"name":"(anonymous_1)","decl":{"start":{"line":18,"column":22},"end":{"line":18,"column":23}},"loc":{"start":{"line":18,"column":30},"end":{"line":35,"column":1}},"line":18},"2":{"name":"(anonymous_2)","decl":{"start":{"line":28,"column":40},"end":{"line":28,"column":41}},"loc":{"start":{"line":28,"column":55},"end":{"line":34,"column":5}},"line":28}},"branchMap":{"0":{"loc":{"start":{"line":10,"column":4},"end":{"line":15,"column":5}},"type":"if","locations":[{"start":{"line":10,"column":4},"end":{"line":15,"column":5}},{"start":{"line":10,"column":4},"end":{"line":15,"column":5}}],"line":10},"1":{"loc":{"start":{"line":29,"column":8},"end":{"line":33,"column":9}},"type":"if","locations":[{"start":{"line":29,"column":8},"end":{"line":33,"column":9}},{"start":{"line":29,"column":8},"end":{"line":33,"column":9}}],"line":29}},"s":{"0":4,"1":4,"2":4,"3":0,"4":0,"5":0,"6":4,"7":0,"8":0,"9":0,"10":0,"11":0,"12":0,"13":0,"14":0,"15":0,"16":0,"17":0,"18":0,"19":4,"20":4},"f":{"0":0,"1":0,"2":0},"b":{"0":[0,0],"1":[0,0]},"_coverageSchema":"43e27e138ebf9cfc5966b082cf9a028302ed4184","hash":"a21cf2c05f0a1d6c44debfe838b42bd11e8b2373"}
,"/Users/syoh/Desktop/Photos/Photo_Gallery/database/seeder.js": {"path":"/Users/syoh/Desktop/Photos/Photo_Gallery/database/seeder.js","statementMap":{"0":{"start":{"line":2,"column":14},"end":{"line":2,"column":30}},"1":{"start":{"line":3,"column":11},"end":{"line":3,"column":32}},"2":{"start":{"line":5,"column":27},"end":{"line":7,"column":1}},"3":{"start":{"line":6,"column":4},"end":{"line":6,"column":41}},"4":{"start":{"line":9,"column":19},"end":{"line":11,"column":1}},"5":{"start":{"line":10,"column":4},"end":{"line":10,"column":68}},"6":{"start":{"line":13,"column":19},"end":{"line":15,"column":1}},"7":{"start":{"line":14,"column":4},"end":{"line":14,"column":55}},"8":{"start":{"line":17,"column":13},"end":{"line":35,"column":1}},"9":{"start":{"line":18,"column":18},"end":{"line":18,"column":20}},"10":{"start":{"line":19,"column":15},"end":{"line":24,"column":5}},"11":{"start":{"line":26,"column":4},"end":{"line":33,"column":5}},"12":{"start":{"line":26,"column":17},"end":{"line":26,"column":18}},"13":{"start":{"line":27,"column":19},"end":{"line":27,"column":21}},"14":{"start":{"line":28,"column":8},"end":{"line":28,"column":20}},"15":{"start":{"line":29,"column":8},"end":{"line":29,"column":42}},"16":{"start":{"line":30,"column":8},"end":{"line":30,"column":35}},"17":{"start":{"line":31,"column":8},"end":{"line":31,"column":52}},"18":{"start":{"line":32,"column":8},"end":{"line":32,"column":27}},"19":{"start":{"line":34,"column":4},"end":{"line":34,"column":19}},"20":{"start":{"line":37,"column":13},"end":{"line":37,"column":24}},"21":{"start":{"line":39,"column":0},"end":{"line":39,"column":35}},"22":{"start":{"line":40,"column":0},"end":{"line":44,"column":1}},"23":{"start":{"line":40,"column":13},"end":{"line":40,"column":14}},"24":{"start":{"line":41,"column":22},"end":{"line":41,"column":31}},"25":{"start":{"line":42,"column":14},"end":{"line":42,"column":81}},"26":{"start":{"line":43,"column":4},"end":{"line":43,"column":129}},"27":{"start":{"line":46,"column":0},"end":{"line":46,"column":26}}},"fnMap":{"0":{"name":"(anonymous_0)","decl":{"start":{"line":5,"column":27},"end":{"line":5,"column":28}},"loc":{"start":{"line":5,"column":42},"end":{"line":7,"column":1}},"line":5},"1":{"name":"(anonymous_1)","decl":{"start":{"line":9,"column":19},"end":{"line":9,"column":20}},"loc":{"start":{"line":9,"column":26},"end":{"line":11,"column":1}},"line":9},"2":{"name":"(anonymous_2)","decl":{"start":{"line":13,"column":19},"end":{"line":13,"column":20}},"loc":{"start":{"line":13,"column":28},"end":{"line":15,"column":1}},"line":13},"3":{"name":"(anonymous_3)","decl":{"start":{"line":17,"column":13},"end":{"line":17,"column":14}},"loc":{"start":{"line":17,"column":28},"end":{"line":35,"column":1}},"line":17}},"branchMap":{},"s":{"0":4,"1":4,"2":4,"3":400,"4":4,"5":400,"6":4,"7":400,"8":4,"9":4,"10":4,"11":4,"12":4,"13":400,"14":400,"15":400,"16":400,"17":400,"18":400,"19":4,"20":4,"21":4,"22":4,"23":4,"24":400,"25":400,"26":400,"27":4},"f":{"0":400,"1":400,"2":400,"3":4},"b":{},"_coverageSchema":"43e27e138ebf9cfc5966b082cf9a028302ed4184","hash":"0bf56c26acf3b830cb3359112fc6ada4e8602194"}
}
