{"/Users/syoh/Desktop/Photos/Photo_Gallery/client/src/components/App.jsx": {"path":"/Users/syoh/Desktop/Photos/Photo_Gallery/client/src/components/App.jsx","statementMap":{"0":{"start":{"line":15,"column":8},"end":{"line":15,"column":20}},"1":{"start":{"line":16,"column":8},"end":{"line":21,"column":9}},"2":{"start":{"line":22,"column":8},"end":{"line":22,"column":64}},"3":{"start":{"line":23,"column":8},"end":{"line":23,"column":46}},"4":{"start":{"line":28,"column":28},"end":{"line":28,"column":30}},"5":{"start":{"line":29,"column":8},"end":{"line":33,"column":9}},"6":{"start":{"line":29,"column":21},"end":{"line":29,"column":22}},"7":{"start":{"line":30,"column":12},"end":{"line":32,"column":13}},"8":{"start":{"line":31,"column":16},"end":{"line":31,"column":45}},"9":{"start":{"line":34,"column":8},"end":{"line":34,"column":28}},"10":{"start":{"line":38,"column":8},"end":{"line":41,"column":43}},"11":{"start":{"line":39,"column":24},"end":{"line":39,"column":32}},"12":{"start":{"line":40,"column":27},"end":{"line":40,"column":58}},"13":{"start":{"line":41,"column":22},"end":{"line":41,"column":42}},"14":{"start":{"line":45,"column":8},"end":{"line":45,"column":22}},"15":{"start":{"line":46,"column":8},"end":{"line":46,"column":78}},"16":{"start":{"line":50,"column":8},"end":{"line":68,"column":9}},"17":{"start":{"line":51,"column":12},"end":{"line":65,"column":13}},"18":{"start":{"line":67,"column":12},"end":{"line":67,"column":24}}},"fnMap":{"0":{"name":"(anonymous_0)","decl":{"start":{"line":14,"column":4},"end":{"line":14,"column":5}},"loc":{"start":{"line":14,"column":23},"end":{"line":24,"column":5}},"line":14},"1":{"name":"(anonymous_1)","decl":{"start":{"line":27,"column":4},"end":{"line":27,"column":5}},"loc":{"start":{"line":27,"column":30},"end":{"line":35,"column":5}},"line":27},"2":{"name":"(anonymous_2)","decl":{"start":{"line":37,"column":4},"end":{"line":37,"column":5}},"loc":{"start":{"line":37,"column":14},"end":{"line":42,"column":5}},"line":37},"3":{"name":"(anonymous_3)","decl":{"start":{"line":39,"column":15},"end":{"line":39,"column":16}},"loc":{"start":{"line":39,"column":24},"end":{"line":39,"column":32}},"line":39},"4":{"name":"(anonymous_4)","decl":{"start":{"line":40,"column":15},"end":{"line":40,"column":16}},"loc":{"start":{"line":40,"column":27},"end":{"line":40,"column":58}},"line":40},"5":{"name":"(anonymous_5)","decl":{"start":{"line":41,"column":15},"end":{"line":41,"column":16}},"loc":{"start":{"line":41,"column":22},"end":{"line":41,"column":42}},"line":41},"6":{"name":"(anonymous_6)","decl":{"start":{"line":44,"column":4},"end":{"line":44,"column":5}},"loc":{"start":{"line":44,"column":24},"end":{"line":47,"column":5}},"line":44},"7":{"name":"(anonymous_7)","decl":{"start":{"line":49,"column":4},"end":{"line":49,"column":5}},"loc":{"start":{"line":49,"column":13},"end":{"line":69,"column":5}},"line":49}},"branchMap":{"0":{"loc":{"start":{"line":30,"column":12},"end":{"line":32,"column":13}},"type":"if","locations":[{"start":{"line":30,"column":12},"end":{"line":32,"column":13}},{"start":{"line":30,"column":12},"end":{"line":32,"column":13}}],"line":30},"1":{"loc":{"start":{"line":50,"column":8},"end":{"line":68,"column":9}},"type":"if","locations":[{"start":{"line":50,"column":8},"end":{"line":68,"column":9}},{"start":{"line":50,"column":8},"end":{"line":68,"column":9}}],"line":50},"2":{"loc":{"start":{"line":55,"column":21},"end":{"line":55,"column":89}},"type":"binary-expr","locations":[{"start":{"line":55,"column":21},"end":{"line":55,"column":31}},{"start":{"line":55,"column":35},"end":{"line":55,"column":52}},{"start":{"line":55,"column":56},"end":{"line":55,"column":89}}],"line":55},"3":{"loc":{"start":{"line":56,"column":21},"end":{"line":56,"column":89}},"type":"binary-expr","locations":[{"start":{"line":56,"column":21},"end":{"line":56,"column":31}},{"start":{"line":56,"column":35},"end":{"line":56,"column":52}},{"start":{"line":56,"column":56},"end":{"line":56,"column":89}}],"line":56}},"s":{"0":1,"1":1,"2":1,"3":1,"4":1,"5":1,"6":1,"7":6,"8":0,"9":1,"10":1,"11":0,"12":0,"13":0,"14":1,"15":1,"16":2,"17":0,"18":2},"f":{"0":1,"1":1,"2":1,"3":0,"4":0,"5":0,"6":1,"7":2},"b":{"0":[0,6],"1":[0,2],"2":[0,0,0],"3":[0,0,0]},"_coverageSchema":"43e27e138ebf9cfc5966b082cf9a028302ed4184","hash":"b89007ce1e2d593f903d9d811ec725baefa17455"}
,"/Users/syoh/Desktop/Photos/Photo_Gallery/client/src/components/Dummy.jsx": {"path":"/Users/syoh/Desktop/Photos/Photo_Gallery/client/src/components/Dummy.jsx","statementMap":{"0":{"start":{"line":29,"column":12},"end":{"line":39,"column":1}},"1":{"start":{"line":30,"column":4},"end":{"line":32,"column":5}},"2":{"start":{"line":31,"column":8},"end":{"line":31,"column":35}},"3":{"start":{"line":33,"column":4},"end":{"line":37,"column":5}}},"fnMap":{"0":{"name":"(anonymous_0)","decl":{"start":{"line":29,"column":12},"end":{"line":29,"column":13}},"loc":{"start":{"line":29,"column":23},"end":{"line":39,"column":1}},"line":29}},"branchMap":{"0":{"loc":{"start":{"line":30,"column":4},"end":{"line":32,"column":5}},"type":"if","locations":[{"start":{"line":30,"column":4},"end":{"line":32,"column":5}},{"start":{"line":30,"column":4},"end":{"line":32,"column":5}}],"line":30}},"s":{"0":1,"1":0,"2":0,"3":0},"f":{"0":0},"b":{"0":[0,0]},"_coverageSchema":"43e27e138ebf9cfc5966b082cf9a028302ed4184","hash":"5705802c766aab89f32e4500a69c9e358a45b581"}
,"/Users/syoh/Desktop/Photos/Photo_Gallery/client/src/components/Modal.jsx": {"path":"/Users/syoh/Desktop/Photos/Photo_Gallery/client/src/components/Modal.jsx","statementMap":{"0":{"start":{"line":10,"column":8},"end":{"line":10,"column":22}},"1":{"start":{"line":11,"column":8},"end":{"line":17,"column":9}},"2":{"start":{"line":18,"column":8},"end":{"line":18,"column":46}},"3":{"start":{"line":22,"column":19},"end":{"line":22,"column":34}},"4":{"start":{"line":23,"column":23},"end":{"line":23,"column":42}},"5":{"start":{"line":24,"column":27},"end":{"line":24,"column":50}},"6":{"start":{"line":25,"column":21},"end":{"line":25,"column":36}},"7":{"start":{"line":29,"column":8},"end":{"line":44,"column":9}},"8":{"start":{"line":30,"column":12},"end":{"line":30,"column":32}},"9":{"start":{"line":31,"column":12},"end":{"line":31,"column":34}},"10":{"start":{"line":32,"column":12},"end":{"line":35,"column":14}},"11":{"start":{"line":37,"column":24},"end":{"line":37,"column":42}},"12":{"start":{"line":38,"column":12},"end":{"line":38,"column":40}},"13":{"start":{"line":39,"column":12},"end":{"line":39,"column":39}},"14":{"start":{"line":40,"column":12},"end":{"line":43,"column":14}},"15":{"start":{"line":47,"column":8},"end":{"line":59,"column":9}}},"fnMap":{"0":{"name":"(anonymous_0)","decl":{"start":{"line":9,"column":4},"end":{"line":9,"column":5}},"loc":{"start":{"line":9,"column":23},"end":{"line":19,"column":5}},"line":9},"1":{"name":"(anonymous_1)","decl":{"start":{"line":21,"column":4},"end":{"line":21,"column":5}},"loc":{"start":{"line":21,"column":24},"end":{"line":45,"column":5}},"line":21},"2":{"name":"(anonymous_2)","decl":{"start":{"line":46,"column":4},"end":{"line":46,"column":5}},"loc":{"start":{"line":46,"column":13},"end":{"line":60,"column":5}},"line":46}},"branchMap":{"0":{"loc":{"start":{"line":29,"column":8},"end":{"line":44,"column":9}},"type":"if","locations":[{"start":{"line":29,"column":8},"end":{"line":44,"column":9}},{"start":{"line":29,"column":8},"end":{"line":44,"column":9}}],"line":29}},"s":{"0":0,"1":0,"2":0,"3":0,"4":0,"5":0,"6":0,"7":0,"8":0,"9":0,"10":0,"11":0,"12":0,"13":0,"14":0,"15":0},"f":{"0":0,"1":0,"2":0},"b":{"0":[0,0]},"_coverageSchema":"43e27e138ebf9cfc5966b082cf9a028302ed4184","hash":"20d3a7932bdaff1e831a7d99730f1542dfab0c78"}
,"/Users/syoh/Desktop/Photos/Photo_Gallery/client/src/components/ModalEntryCarousel.jsx": {"path":"/Users/syoh/Desktop/Photos/Photo_Gallery/client/src/components/ModalEntryCarousel.jsx","statementMap":{"0":{"start":{"line":4,"column":25},"end":{"line":14,"column":1}},"1":{"start":{"line":5,"column":4},"end":{"line":13,"column":5}}},"fnMap":{"0":{"name":"(anonymous_0)","decl":{"start":{"line":4,"column":25},"end":{"line":4,"column":26}},"loc":{"start":{"line":4,"column":36},"end":{"line":14,"column":1}},"line":4}},"branchMap":{},"s":{"0":2,"1":0},"f":{"0":0},"b":{},"_coverageSchema":"43e27e138ebf9cfc5966b082cf9a028302ed4184","hash":"1244d1b20737e3d467bf8a4898f2009f7a1de8d0"}
,"/Users/syoh/Desktop/Photos/Photo_Gallery/client/src/components/ModalEntryMain.jsx": {"path":"/Users/syoh/Desktop/Photos/Photo_Gallery/client/src/components/ModalEntryMain.jsx","statementMap":{"0":{"start":{"line":4,"column":21},"end":{"line":17,"column":1}},"1":{"start":{"line":6,"column":8},"end":{"line":16,"column":9}},"2":{"start":{"line":9,"column":40},"end":{"line":9,"column":61}},"3":{"start":{"line":13,"column":40},"end":{"line":13,"column":62}}},"fnMap":{"0":{"name":"(anonymous_0)","decl":{"start":{"line":4,"column":21},"end":{"line":4,"column":22}},"loc":{"start":{"line":4,"column":32},"end":{"line":17,"column":1}},"line":4},"1":{"name":"(anonymous_1)","decl":{"start":{"line":9,"column":34},"end":{"line":9,"column":35}},"loc":{"start":{"line":9,"column":40},"end":{"line":9,"column":61}},"line":9},"2":{"name":"(anonymous_2)","decl":{"start":{"line":13,"column":34},"end":{"line":13,"column":35}},"loc":{"start":{"line":13,"column":40},"end":{"line":13,"column":62}},"line":13}},"branchMap":{},"s":{"0":2,"1":0,"2":0,"3":0},"f":{"0":0,"1":0,"2":0},"b":{},"_coverageSchema":"43e27e138ebf9cfc5966b082cf9a028302ed4184","hash":"96cda093e1803c871b30f38907444c56bc44367f"}
,"/Users/syoh/Desktop/Photos/Photo_Gallery/client/src/components/Photo.jsx": {"path":"/Users/syoh/Desktop/Photos/Photo_Gallery/client/src/components/Photo.jsx","statementMap":{"0":{"start":{"line":8,"column":8},"end":{"line":8,"column":22}},"1":{"start":{"line":9,"column":8},"end":{"line":12,"column":9}},"2":{"start":{"line":16,"column":8},"end":{"line":21,"column":9}}},"fnMap":{"0":{"name":"(anonymous_0)","decl":{"start":{"line":7,"column":4},"end":{"line":7,"column":5}},"loc":{"start":{"line":7,"column":23},"end":{"line":13,"column":5}},"line":7},"1":{"name":"(anonymous_1)","decl":{"start":{"line":15,"column":4},"end":{"line":15,"column":5}},"loc":{"start":{"line":15,"column":13},"end":{"line":22,"column":5}},"line":15}},"branchMap":{},"s":{"0":1,"1":1,"2":1},"f":{"0":1,"1":1},"b":{},"_coverageSchema":"43e27e138ebf9cfc5966b082cf9a028302ed4184","hash":"33cd43b59ba5633faeae93c68c4c3b7e219eb749"}
,"/Users/syoh/Desktop/Photos/Photo_Gallery/client/src/components/PhotoEntryGrid.jsx": {"path":"/Users/syoh/Desktop/Photos/Photo_Gallery/client/src/components/PhotoEntryGrid.jsx","statementMap":{"0":{"start":{"line":3,"column":21},"end":{"line":25,"column":1}},"1":{"start":{"line":4,"column":8},"end":{"line":24,"column":9}}},"fnMap":{"0":{"name":"(anonymous_0)","decl":{"start":{"line":3,"column":21},"end":{"line":3,"column":22}},"loc":{"start":{"line":3,"column":32},"end":{"line":25,"column":1}},"line":3}},"branchMap":{},"s":{"0":4,"1":1},"f":{"0":1},"b":{},"_coverageSchema":"43e27e138ebf9cfc5966b082cf9a028302ed4184","hash":"b6b7be17d46772d3f2dfd6eab0d9fa713b8ca336"}
,"/Users/syoh/Desktop/Photos/Photo_Gallery/client/src/components/PhotoEntryMain.jsx": {"path":"/Users/syoh/Desktop/Photos/Photo_Gallery/client/src/components/PhotoEntryMain.jsx","statementMap":{"0":{"start":{"line":4,"column":21},"end":{"line":12,"column":1}},"1":{"start":{"line":6,"column":8},"end":{"line":10,"column":9}}},"fnMap":{"0":{"name":"(anonymous_0)","decl":{"start":{"line":4,"column":21},"end":{"line":4,"column":22}},"loc":{"start":{"line":4,"column":32},"end":{"line":12,"column":1}},"line":4}},"branchMap":{},"s":{"0":3,"1":1},"f":{"0":1},"b":{},"_coverageSchema":"43e27e138ebf9cfc5966b082cf9a028302ed4184","hash":"54c0c39961180728a4d353252b44cea177a6ca81"}
,"/Users/syoh/Desktop/Photos/Photo_Gallery/client/src/components/SaveButton.jsx": {"path":"/Users/syoh/Desktop/Photos/Photo_Gallery/client/src/components/SaveButton.jsx","statementMap":{"0":{"start":{"line":4,"column":19},"end":{"line":19,"column":1}},"1":{"start":{"line":5,"column":4},"end":{"line":18,"column":5}}},"fnMap":{"0":{"name":"(anonymous_0)","decl":{"start":{"line":4,"column":19},"end":{"line":4,"column":20}},"loc":{"start":{"line":4,"column":30},"end":{"line":19,"column":1}},"line":4}},"branchMap":{},"s":{"0":1,"1":0},"f":{"0":0},"b":{},"_coverageSchema":"43e27e138ebf9cfc5966b082cf9a028302ed4184","hash":"6bd31e4e1dee2794c9e0669af14841946aceebce"}
,"/Users/syoh/Desktop/Photos/Photo_Gallery/client/src/components/ShareButton.jsx": {"path":"/Users/syoh/Desktop/Photos/Photo_Gallery/client/src/components/ShareButton.jsx","statementMap":{"0":{"start":{"line":4,"column":20},"end":{"line":19,"column":1}},"1":{"start":{"line":5,"column":4},"end":{"line":18,"column":5}}},"fnMap":{"0":{"name":"(anonymous_0)","decl":{"start":{"line":4,"column":20},"end":{"line":4,"column":21}},"loc":{"start":{"line":4,"column":31},"end":{"line":19,"column":1}},"line":4}},"branchMap":{},"s":{"0":1,"1":0},"f":{"0":0},"b":{},"_coverageSchema":"43e27e138ebf9cfc5966b082cf9a028302ed4184","hash":"90a1e7bc15215a117a5d40d636f64ce94417f95a"}
,"/Users/syoh/Desktop/Photos/Photo_Gallery/client/src/components/ViewPhotoButton.jsx": {"path":"/Users/syoh/Desktop/Photos/Photo_Gallery/client/src/components/ViewPhotoButton.jsx","statementMap":{"0":{"start":{"line":5,"column":24},"end":{"line":11,"column":1}},"1":{"start":{"line":6,"column":4},"end":{"line":10,"column":5}}},"fnMap":{"0":{"name":"(anonymous_0)","decl":{"start":{"line":5,"column":24},"end":{"line":5,"column":25}},"loc":{"start":{"line":5,"column":35},"end":{"line":11,"column":1}},"line":5}},"branchMap":{},"s":{"0":1,"1":0},"f":{"0":0},"b":{},"_coverageSchema":"43e27e138ebf9cfc5966b082cf9a028302ed4184","hash":"177a272cd579917acb03312beae7256aafb45e33"}
,"/Users/syoh/Desktop/Photos/Photo_Gallery/client/src/styles/ModalStyles.js": {"path":"/Users/syoh/Desktop/Photos/Photo_Gallery/client/src/styles/ModalStyles.js","statementMap":{"0":{"start":{"line":3,"column":21},"end":{"line":13,"column":1}},"1":{"start":{"line":14,"column":0},"end":{"line":14,"column":28}},"2":{"start":{"line":16,"column":28},"end":{"line":22,"column":1}},"3":{"start":{"line":23,"column":0},"end":{"line":23,"column":42}},"4":{"start":{"line":25,"column":33},"end":{"line":32,"column":1}},"5":{"start":{"line":33,"column":0},"end":{"line":33,"column":52}}},"fnMap":{},"branchMap":{},"s":{"0":2,"1":2,"2":2,"3":2,"4":2,"5":2},"f":{},"b":{},"_coverageSchema":"43e27e138ebf9cfc5966b082cf9a028302ed4184","hash":"5388f098953c3508c18095b8dd69ffa95f5b589f"}
,"/Users/syoh/Desktop/Photos/Photo_Gallery/client/src/styles/PhotoEntryMainStyles.js": {"path":"/Users/syoh/Desktop/Photos/Photo_Gallery/client/src/styles/PhotoEntryMainStyles.js","statementMap":{"0":{"start":{"line":3,"column":34},"end":{"line":9,"column":1}},"1":{"start":{"line":10,"column":0},"end":{"line":10,"column":54}},"2":{"start":{"line":12,"column":25},"end":{"line":23,"column":1}},"3":{"start":{"line":22,"column":27},"end":{"line":22,"column":43}},"4":{"start":{"line":24,"column":0},"end":{"line":24,"column":36}},"5":{"start":{"line":26,"column":23},"end":{"line":31,"column":1}},"6":{"start":{"line":32,"column":0},"end":{"line":32,"column":32}}},"fnMap":{"0":{"name":"(anonymous_0)","decl":{"start":{"line":22,"column":18},"end":{"line":22,"column":19}},"loc":{"start":{"line":22,"column":27},"end":{"line":22,"column":43}},"line":22}},"branchMap":{},"s":{"0":3,"1":3,"2":3,"3":0,"4":3,"5":3,"6":3},"f":{"0":0},"b":{},"_coverageSchema":"43e27e138ebf9cfc5966b082cf9a028302ed4184","hash":"be27ed0f33213b5a73604ad71f48545811df4700"}
,"/Users/syoh/Desktop/Photos/Photo_Gallery/client/src/styles/PhotoStyles.js": {"path":"/Users/syoh/Desktop/Photos/Photo_Gallery/client/src/styles/PhotoStyles.js","statementMap":{"0":{"start":{"line":3,"column":19},"end":{"line":6,"column":1}},"1":{"start":{"line":7,"column":0},"end":{"line":7,"column":24}}},"fnMap":{},"branchMap":{},"s":{"0":3,"1":3},"f":{},"b":{},"_coverageSchema":"43e27e138ebf9cfc5966b082cf9a028302ed4184","hash":"7d96f339512c9738f3f64528fdc567da97b22465"}
,"/Users/syoh/Desktop/Photos/Photo_Gallery/client/src/styles/ViewPhotoButtonStyles.js": {"path":"/Users/syoh/Desktop/Photos/Photo_Gallery/client/src/styles/ViewPhotoButtonStyles.js","statementMap":{"0":{"start":{"line":3,"column":23},"end":{"line":5,"column":1}},"1":{"start":{"line":6,"column":0},"end":{"line":6,"column":32}}},"fnMap":{},"branchMap":{},"s":{"0":1,"1":1},"f":{},"b":{},"_coverageSchema":"43e27e138ebf9cfc5966b082cf9a028302ed4184","hash":"d5365fda9b7eaec77c1a89a26aff74a9cccc6466"}
,"/Users/syoh/Desktop/Photos/Photo_Gallery/database/seeder.js": {"path":"/Users/syoh/Desktop/Photos/Photo_Gallery/database/seeder.js","statementMap":{"0":{"start":{"line":2,"column":14},"end":{"line":2,"column":30}},"1":{"start":{"line":5,"column":27},"end":{"line":7,"column":1}},"2":{"start":{"line":6,"column":4},"end":{"line":6,"column":41}},"3":{"start":{"line":9,"column":19},"end":{"line":11,"column":1}},"4":{"start":{"line":10,"column":4},"end":{"line":10,"column":68}},"5":{"start":{"line":13,"column":19},"end":{"line":15,"column":1}},"6":{"start":{"line":14,"column":4},"end":{"line":14,"column":55}},"7":{"start":{"line":17,"column":13},"end":{"line":35,"column":1}},"8":{"start":{"line":18,"column":18},"end":{"line":18,"column":20}},"9":{"start":{"line":19,"column":15},"end":{"line":24,"column":5}},"10":{"start":{"line":26,"column":4},"end":{"line":33,"column":5}},"11":{"start":{"line":26,"column":17},"end":{"line":26,"column":18}},"12":{"start":{"line":27,"column":19},"end":{"line":27,"column":21}},"13":{"start":{"line":28,"column":8},"end":{"line":28,"column":20}},"14":{"start":{"line":29,"column":8},"end":{"line":29,"column":42}},"15":{"start":{"line":30,"column":8},"end":{"line":30,"column":35}},"16":{"start":{"line":31,"column":8},"end":{"line":31,"column":52}},"17":{"start":{"line":32,"column":8},"end":{"line":32,"column":27}},"18":{"start":{"line":34,"column":4},"end":{"line":34,"column":19}},"19":{"start":{"line":39,"column":0},"end":{"line":39,"column":30}}},"fnMap":{"0":{"name":"(anonymous_0)","decl":{"start":{"line":5,"column":27},"end":{"line":5,"column":28}},"loc":{"start":{"line":5,"column":42},"end":{"line":7,"column":1}},"line":5},"1":{"name":"(anonymous_1)","decl":{"start":{"line":9,"column":19},"end":{"line":9,"column":20}},"loc":{"start":{"line":9,"column":26},"end":{"line":11,"column":1}},"line":9},"2":{"name":"(anonymous_2)","decl":{"start":{"line":13,"column":19},"end":{"line":13,"column":20}},"loc":{"start":{"line":13,"column":28},"end":{"line":15,"column":1}},"line":13},"3":{"name":"(anonymous_3)","decl":{"start":{"line":17,"column":13},"end":{"line":17,"column":14}},"loc":{"start":{"line":17,"column":28},"end":{"line":35,"column":1}},"line":17}},"branchMap":{},"s":{"0":4,"1":4,"2":100,"3":4,"4":100,"5":4,"6":100,"7":4,"8":1,"9":1,"10":1,"11":1,"12":100,"13":100,"14":100,"15":100,"16":100,"17":100,"18":1,"19":4},"f":{"0":100,"1":100,"2":100,"3":1},"b":{},"_coverageSchema":"43e27e138ebf9cfc5966b082cf9a028302ed4184","hash":"c8b621264444b72355156e0a6677368df697133b"}
}
