TN:
SF:/Users/syoh/Desktop/Photos/Photo_Gallery/client/src/components/App.jsx
FN:14,(anonymous_0)
FN:27,(anonymous_1)
FN:37,(anonymous_2)
FN:39,(anonymous_3)
FN:40,(anonymous_4)
FN:41,(anonymous_5)
FN:44,(anonymous_6)
FN:49,(anonymous_7)
FNF:8
FNH:5
FNDA:1,(anonymous_0)
FNDA:1,(anonymous_1)
FNDA:1,(anonymous_2)
FNDA:0,(anonymous_3)
FNDA:0,(anonymous_4)
FNDA:0,(anonymous_5)
FNDA:1,(anonymous_6)
FNDA:2,(anonymous_7)
DA:15,1
DA:16,1
DA:22,1
DA:23,1
DA:28,1
DA:29,1
DA:30,6
DA:31,0
DA:34,1
DA:38,1
DA:39,0
DA:40,0
DA:41,0
DA:45,1
DA:46,1
DA:50,2
DA:51,0
DA:67,2
LF:18
LH:13
BRDA:30,0,0,0
BRDA:30,0,1,6
BRDA:50,1,0,0
BRDA:50,1,1,2
BRDA:55,2,0,0
BRDA:55,2,1,0
BRDA:55,2,2,0
BRDA:56,3,0,0
BRDA:56,3,1,0
BRDA:56,3,2,0
BRF:10
BRH:2
end_of_record
TN:
SF:/Users/syoh/Desktop/Photos/Photo_Gallery/client/src/components/Dummy.jsx
FN:29,(anonymous_0)
FNF:1
FNH:0
FNDA:0,(anonymous_0)
DA:29,1
DA:30,0
DA:31,0
DA:33,0
LF:4
LH:1
BRDA:30,0,0,0
BRDA:30,0,1,0
BRF:2
BRH:0
end_of_record
TN:
SF:/Users/syoh/Desktop/Photos/Photo_Gallery/client/src/components/Modal.jsx
FN:9,(anonymous_0)
FN:21,(anonymous_1)
FN:46,(anonymous_2)
FNF:3
FNH:0
FNDA:0,(anonymous_0)
FNDA:0,(anonymous_1)
FNDA:0,(anonymous_2)
DA:10,0
DA:11,0
DA:18,0
DA:22,0
DA:23,0
DA:24,0
DA:25,0
DA:29,0
DA:30,0
DA:31,0
DA:32,0
DA:37,0
DA:38,0
DA:39,0
DA:40,0
DA:47,0
LF:16
LH:0
BRDA:29,0,0,0
BRDA:29,0,1,0
BRF:2
BRH:0
end_of_record
TN:
SF:/Users/syoh/Desktop/Photos/Photo_Gallery/client/src/components/ModalEntryCarousel.jsx
FN:4,(anonymous_0)
FNF:1
FNH:0
FNDA:0,(anonymous_0)
DA:4,2
DA:5,0
LF:2
LH:1
BRF:0
BRH:0
end_of_record
TN:
SF:/Users/syoh/Desktop/Photos/Photo_Gallery/client/src/components/ModalEntryMain.jsx
FN:4,(anonymous_0)
FN:9,(anonymous_1)
FN:13,(anonymous_2)
FNF:3
FNH:0
FNDA:0,(anonymous_0)
FNDA:0,(anonymous_1)
FNDA:0,(anonymous_2)
DA:4,2
DA:6,0
DA:9,0
DA:13,0
LF:4
LH:1
BRF:0
BRH:0
end_of_record
TN:
SF:/Users/syoh/Desktop/Photos/Photo_Gallery/client/src/components/Photo.jsx
FN:7,(anonymous_0)
FN:15,(anonymous_1)
FNF:2
FNH:2
FNDA:1,(anonymous_0)
FNDA:1,(anonymous_1)
DA:8,1
DA:9,1
DA:16,1
LF:3
LH:3
BRF:0
BRH:0
end_of_record
TN:
SF:/Users/syoh/Desktop/Photos/Photo_Gallery/client/src/components/PhotoEntryGrid.jsx
FN:3,(anonymous_0)
FNF:1
FNH:1
FNDA:1,(anonymous_0)
DA:3,4
DA:4,1
LF:2
LH:2
BRF:0
BRH:0
end_of_record
TN:
SF:/Users/syoh/Desktop/Photos/Photo_Gallery/client/src/components/PhotoEntryMain.jsx
FN:4,(anonymous_0)
FNF:1
FNH:1
FNDA:1,(anonymous_0)
DA:4,3
DA:6,1
LF:2
LH:2
BRF:0
BRH:0
end_of_record
TN:
SF:/Users/syoh/Desktop/Photos/Photo_Gallery/client/src/components/SaveButton.jsx
FN:4,(anonymous_0)
FNF:1
FNH:0
FNDA:0,(anonymous_0)
DA:4,1
DA:5,0
LF:2
LH:1
BRF:0
BRH:0
end_of_record
TN:
SF:/Users/syoh/Desktop/Photos/Photo_Gallery/client/src/components/ShareButton.jsx
FN:4,(anonymous_0)
FNF:1
FNH:0
FNDA:0,(anonymous_0)
DA:4,1
DA:5,0
LF:2
LH:1
BRF:0
BRH:0
end_of_record
TN:
SF:/Users/syoh/Desktop/Photos/Photo_Gallery/client/src/components/ViewPhotoButton.jsx
FN:5,(anonymous_0)
FNF:1
FNH:0
FNDA:0,(anonymous_0)
DA:5,1
DA:6,0
LF:2
LH:1
BRF:0
BRH:0
end_of_record
TN:
SF:/Users/syoh/Desktop/Photos/Photo_Gallery/client/src/styles/ModalStyles.js
FNF:0
FNH:0
DA:3,2
DA:14,2
DA:16,2
DA:23,2
DA:25,2
DA:33,2
LF:6
LH:6
BRF:0
BRH:0
end_of_record
TN:
SF:/Users/syoh/Desktop/Photos/Photo_Gallery/client/src/styles/PhotoEntryMainStyles.js
FN:22,(anonymous_0)
FNF:1
FNH:0
FNDA:0,(anonymous_0)
DA:3,3
DA:10,3
DA:12,3
DA:22,0
DA:24,3
DA:26,3
DA:32,3
LF:7
LH:6
BRF:0
BRH:0
end_of_record
TN:
SF:/Users/syoh/Desktop/Photos/Photo_Gallery/client/src/styles/PhotoStyles.js
FNF:0
FNH:0
DA:3,3
DA:7,3
LF:2
LH:2
BRF:0
BRH:0
end_of_record
TN:
SF:/Users/syoh/Desktop/Photos/Photo_Gallery/client/src/styles/ViewPhotoButtonStyles.js
FNF:0
FNH:0
DA:3,1
DA:6,1
LF:2
LH:2
BRF:0
BRH:0
end_of_record
TN:
SF:/Users/syoh/Desktop/Photos/Photo_Gallery/database/seeder.js
FN:5,(anonymous_0)
FN:9,(anonymous_1)
FN:13,(anonymous_2)
FN:17,(anonymous_3)
FNF:4
FNH:4
FNDA:100,(anonymous_0)
FNDA:100,(anonymous_1)
FNDA:100,(anonymous_2)
FNDA:1,(anonymous_3)
DA:2,4
DA:5,4
DA:6,100
DA:9,4
DA:10,100
DA:13,4
DA:14,100
DA:17,4
DA:18,1
DA:19,1
DA:26,1
DA:27,100
DA:28,100
DA:29,100
DA:30,100
DA:31,100
DA:32,100
DA:34,1
DA:39,4
LF:19
LH:19
BRF:0
BRH:0
end_of_record
