TN:
SF:/Users/syoh/Desktop/Photos/Photo_Gallery/client/src/components/Photo.jsx
FN:6,(anonymous_0)
FN:14,(anonymous_1)
FNF:2
FNH:2
FNDA:1,(anonymous_0)
FNDA:1,(anonymous_1)
DA:7,1
DA:8,1
DA:15,1
LF:3
LH:3
BRF:0
BRH:0
end_of_record
TN:
SF:/Users/syoh/Desktop/Photos/Photo_Gallery/client/src/components/PhotoEntryGrid.jsx
FN:3,(anonymous_0)
FNF:1
FNH:1
FNDA:1,(anonymous_0)
DA:3,3
DA:4,1
LF:2
LH:2
BRF:0
BRH:0
end_of_record
TN:
SF:/Users/syoh/Desktop/Photos/Photo_Gallery/client/src/components/PhotoEntryMain.jsx
FN:4,(anonymous_0)
FN:10,(anonymous_1)
FNF:2
FNH:2
FNDA:1,(anonymous_0)
FNDA:1,(anonymous_1)
DA:5,1
DA:6,1
DA:11,1
LF:3
LH:3
BRF:0
BRH:0
end_of_record
TN:
SF:/Users/syoh/Desktop/Photos/Photo_Gallery/database/index.js
FN:9,(anonymous_0)
FN:18,(anonymous_1)
FN:28,(anonymous_2)
FNF:3
FNH:0
FNDA:0,(anonymous_0)
FNDA:0,(anonymous_1)
FNDA:0,(anonymous_2)
DA:1,4
DA:3,4
DA:9,4
DA:10,0
DA:11,0
DA:12,0
DA:18,4
DA:19,0
DA:20,0
DA:21,0
DA:22,0
DA:23,0
DA:25,0
DA:27,0
DA:28,0
DA:29,0
DA:30,0
DA:32,0
DA:40,4
DA:41,4
LF:20
LH:6
BRDA:10,0,0,0
BRDA:10,0,1,0
BRDA:29,1,0,0
BRDA:29,1,1,0
BRF:4
BRH:0
end_of_record
TN:
SF:/Users/syoh/Desktop/Photos/Photo_Gallery/database/seeder.js
FN:5,(anonymous_0)
FN:9,(anonymous_1)
FN:13,(anonymous_2)
FN:17,(anonymous_3)
FNF:4
FNH:4
FNDA:400,(anonymous_0)
FNDA:400,(anonymous_1)
FNDA:400,(anonymous_2)
FNDA:4,(anonymous_3)
DA:2,4
DA:3,4
DA:5,4
DA:6,400
DA:9,4
DA:10,400
DA:13,4
DA:14,400
DA:17,4
DA:18,4
DA:19,4
DA:26,4
DA:27,400
DA:28,400
DA:29,400
DA:30,400
DA:31,400
DA:32,400
DA:34,4
DA:37,4
DA:39,4
DA:40,4
DA:41,400
DA:42,400
DA:43,400
DA:46,4
LF:26
LH:26
BRF:0
BRH:0
end_of_record
